  Ball.cpp
E:\dev\Pong\Pong\src\Ball.cpp(22,26): warning C4244: '=': conversion from 'double' to 'float', possible loss of data
E:\dev\Pong\Pong\src\Ball.cpp(23,26): warning C4244: '=': conversion from 'double' to 'float', possible loss of data
E:\dev\Pong\Pong\src\Ball.cpp(43,17): warning C4244: '=': conversion from 'double' to 'float', possible loss of data
E:\dev\Pong\Pong\src\Ball.cpp(45,13): warning C4244: '=': conversion from 'double' to 'float', possible loss of data
  GameState.cpp
  Main.cpp
E:\dev\Pong\Pong\src\Main.cpp(39,82): warning C4244: '=': conversion from 'double' to 'float', possible loss of data
E:\dev\Pong\Pong\src\Main.cpp(40,77): warning C4244: '=': conversion from 'double' to 'float', possible loss of data
E:\dev\Pong\Pong\src\Main.cpp(62,65): warning C4244: 'argument': conversion from 'float' to 'int', possible loss of data
E:\dev\Pong\Pong\src\Main.cpp(62,25): warning C4244: 'argument': conversion from 'float' to 'int', possible loss of data
E:\dev\Pong\Pong\src\Main.cpp(62,18): warning C4244: 'argument': conversion from 'float' to 'int', possible loss of data
E:\dev\Pong\Pong\src\Main.cpp(64,44): warning C4244: 'argument': conversion from 'float' to 'int', possible loss of data
E:\dev\Pong\Pong\src\Main.cpp(64,27): warning C4244: 'argument': conversion from 'float' to 'int', possible loss of data
E:\dev\Pong\Pong\src\Main.cpp(76,84): warning C4244: 'argument': conversion from 'double' to 'int', possible loss of data
E:\dev\Pong\Pong\src\Main.cpp(76,41): warning C4244: 'argument': conversion from 'double' to 'float', possible loss of data
E:\dev\Pong\Pong\src\Main.cpp(77,121): warning C4244: 'argument': conversion from 'double' to 'int', possible loss of data
E:\dev\Pong\Pong\src\Main.cpp(82,103): warning C4244: 'argument': conversion from 'double' to 'int', possible loss of data
  Generating code
  Previous IPDB was built with incompatible compiler, fall back to full compilation.
  All 26 functions were compiled because no usable IPDB/IOBJ from previous compilation was found.
  Finished generating code
raylib.lib(rcore.obj) : warning LNK4099: PDB '' was not found with 'raylib.lib(rcore.obj)' or at ''; linking object as if no debug info
raylib.lib(rglfw.obj) : warning LNK4099: PDB '' was not found with 'raylib.lib(rglfw.obj)' or at ''; linking object as if no debug info
raylib.lib(rshapes.obj) : warning LNK4099: PDB '' was not found with 'raylib.lib(rshapes.obj)' or at ''; linking object as if no debug info
raylib.lib(rtext.obj) : warning LNK4099: PDB '' was not found with 'raylib.lib(rtext.obj)' or at ''; linking object as if no debug info
raylib.lib(rtextures.obj) : warning LNK4099: PDB '' was not found with 'raylib.lib(rtextures.obj)' or at ''; linking object as if no debug info
raylib.lib(utils.obj) : warning LNK4099: PDB '' was not found with 'raylib.lib(utils.obj)' or at ''; linking object as if no debug info
  Pong.vcxproj -> E:\dev\Pong\Build\Release Win32\Pong.exe
